<?xml version="1.0" encoding="UTF-8"?>
<!-- Generated by org.testng.reporters.JUnitReportReporter -->
<testsuite hostname="Vamsi" failures="0" tests="1" name="frameDemo.ExtentReportDemo2" time="35.819" errors="0" timestamp="2021-04-16T21:00:42 CDT" skipped="0">
  <testcase classname="frameDemo.ExtentReportDemo2" name="extentreports1" time="35.819"/>
  <system-out/>
</testsuite> <!-- frameDemo.ExtentReportDemo2 -->
