<?xml version="1.0" encoding="UTF-8"?>
<!-- Generated by org.testng.reporters.JUnitReportReporter -->
<testsuite hostname="Vamsi" failures="0" tests="1" name="testNG.NewTest2" time="0.071" errors="0" timestamp="2021-04-30T06:13:20 CDT" skipped="0">
  <testcase classname="testNG.NewTest2" name="f" time="0.071"/>
  <system-out/>
</testsuite> <!-- testNG.NewTest2 -->
