<?xml version="1.0" encoding="UTF-8"?>
<!-- Generated by org.testng.reporters.JUnitReportReporter -->
<testsuite hostname="Vamsi" failures="0" tests="1" name="seleniumPhase2.PopUpBDemo1" time="26.954" errors="0" timestamp="2021-04-09T22:31:08 CDT" skipped="0">
  <testcase classname="seleniumPhase2.PopUpBDemo1" name="PopUpDemo1" time="26.954"/>
  <system-out/>
</testsuite> <!-- seleniumPhase2.PopUpBDemo1 -->
