<?xml version="1.0" encoding="UTF-8"?>
<!-- Generated by org.testng.reporters.JUnitReportReporter -->
<testsuite hostname="Vamsi" failures="0" tests="5" name="testNGPhase2.CheckBox" time="8.652" errors="0" timestamp="2021-06-15T23:53:43 CDT" skipped="0">
  <testcase classname="testNGPhase2.CheckBox" name="checkBoxDisplay" time="1.145"/>
  <system-out/>
  <testcase classname="testNGPhase2.CheckBox" name="checkBoxEnable" time="0.433"/>
  <system-out/>
  <testcase classname="testNGPhase2.CheckBox" name="checkBoxSelect" time="0.425"/>
  <system-out/>
  <testcase classname="testNGPhase2.CheckBox" name="checkBoxClick" time="5.268"/>
  <system-out/>
  <testcase classname="testNGPhase2.CheckBox" name="checkBoxDisplay1" time="1.381"/>
  <system-out/>
</testsuite> <!-- testNGPhase2.CheckBox -->
