<?xml version="1.0" encoding="UTF-8"?>
<!-- Generated by org.testng.reporters.JUnitReportReporter -->
<testsuite hostname="Vamsi" failures="0" tests="1" name="seleniumPhase2.ExplicitDemo2" time="46.457" errors="0" timestamp="2021-06-30T05:17:01 CDT" skipped="0">
  <testcase classname="seleniumPhase2.ExplicitDemo2" name="ecplicitDemo" time="46.457"/>
  <system-out/>
</testsuite> <!-- seleniumPhase2.ExplicitDemo2 -->
