<?xml version="1.0" encoding="UTF-8"?>
<!-- Generated by org.testng.reporters.JUnitReportReporter -->
<testsuite hostname="Vamsi" failures="0" tests="1" name="pageobjectmodel1.PageModelTest" time="38.994" errors="0" timestamp="2021-06-06T10:16:41 CDT" skipped="0">
  <testcase classname="pageobjectmodel1.PageModelTest" name="verifyFlightReg" time="38.994"/>
  <system-out/>
</testsuite> <!-- pageobjectmodel1.PageModelTest -->
