<?xml version="1.0" encoding="UTF-8"?>
<!-- Generated by org.testng.reporters.JUnitReportReporter -->
<testsuite hostname="Vamsi" failures="0" tests="1" name="seleniumPhase2.DynamicDemo1" time="27.485" errors="0" timestamp="2021-06-30T05:09:06 CDT" skipped="0">
  <testcase classname="seleniumPhase2.DynamicDemo1" name="dynamicWindowTest" time="27.485"/>
  <system-out/>
</testsuite> <!-- seleniumPhase2.DynamicDemo1 -->
