<?xml version="1.0" encoding="UTF-8"?>
<!-- Generated by org.testng.reporters.JUnitReportReporter -->
<testsuite hostname="Vamsi" failures="0" tests="5" name="testNGPhase2.CheckBox1" time="1.884" errors="0" timestamp="2021-05-01T08:33:40 CDT" skipped="0">
  <testcase classname="testNGPhase2.CheckBox1" name="checkBoxDisplay" time="0.723"/>
  <system-out/>
  <testcase classname="testNGPhase2.CheckBox1" name="checkBoxEnable" time="0.138"/>
  <system-out/>
  <testcase classname="testNGPhase2.CheckBox1" name="checkBoxSelect" time="0.151"/>
  <system-out/>
  <testcase classname="testNGPhase2.CheckBox1" name="checkBoxClick" time="0.669"/>
  <system-out/>
  <testcase classname="testNGPhase2.CheckBox1" name="checkBoxDisplay1" time="0.203"/>
  <system-out/>
</testsuite> <!-- testNGPhase2.CheckBox1 -->
