<?xml version="1.0" encoding="UTF-8"?>
<!-- Generated by org.testng.reporters.JUnitReportReporter -->
<testsuite hostname="Vamsi" failures="0" tests="2" name="testNGPhase2.CheckBoxNGDemo2" time="23.585" errors="0" timestamp="2021-04-04T11:53:14 CDT" skipped="0">
  <testcase classname="testNGPhase2.CheckBoxNGDemo2" name="selected" time="10.805"/>
  <system-out/>
  <testcase classname="testNGPhase2.CheckBoxNGDemo2" name="checkSelected" time="12.780"/>
  <system-out/>
</testsuite> <!-- testNGPhase2.CheckBoxNGDemo2 -->
