<?xml version="1.0" encoding="UTF-8"?>
<!-- Generated by org.testng.reporters.JUnitReportReporter -->
<testsuite hostname="Vamsi" failures="0" tests="1" name="testNG.Annotation1" time="0.026" errors="0" timestamp="2021-05-08T22:45:39 CDT" skipped="0">
  <testcase classname="testNG.Annotation1" name="funA" time="0.026"/>
  <system-out/>
</testsuite> <!-- testNG.Annotation1 -->
