<?xml version="1.0" encoding="UTF-8"?>
<!-- Generated by org.testng.reporters.JUnitReportReporter -->
<testsuite hostname="Vamsi" failures="0" tests="1" name="testNG.NewTest1" time="0.053" errors="0" timestamp="2021-06-18T22:30:20 CDT" skipped="0">
  <testcase classname="testNG.NewTest1" name="fun" time="0.053"/>
  <system-out/>
</testsuite> <!-- testNG.NewTest1 -->
