<?xml version="1.0" encoding="UTF-8"?>
<!-- Generated by org.testng.reporters.JUnitReportReporter -->
<testsuite hostname="Vamsi" failures="0" tests="1" name="frameDemo.WithoutSendKey2" time="37.135" errors="0" timestamp="2021-06-20T07:16:15 CDT" skipped="0">
  <testcase classname="frameDemo.WithoutSendKey2" name="sendKeys2" time="37.135"/>
  <system-out/>
</testsuite> <!-- frameDemo.WithoutSendKey2 -->
