<?xml version="1.0" encoding="UTF-8"?>
<!-- Generated by org.testng.reporters.JUnitReportReporter -->
<testsuite hostname="Vamsi" failures="0" tests="3" name="testNG.DataProviderTest1" time="98.994" errors="0" timestamp="2021-06-18T22:33:33 CDT" skipped="0">
  <testcase classname="testNG.DataProviderTest1" name="TestChrome" time="33.641"/>
  <system-out/>
  <testcase classname="testNG.DataProviderTest1" name="TestChrome" time="33.767"/>
  <system-out/>
  <testcase classname="testNG.DataProviderTest1" name="TestChrome" time="31.586"/>
  <system-out/>
</testsuite> <!-- testNG.DataProviderTest1 -->
