<?xml version="1.0" encoding="UTF-8"?>
<!-- Generated by org.testng.reporters.JUnitReportReporter -->
<testsuite hostname="Vamsi" failures="0" tests="1" name="testNGPhase2.RadioButtonNGDemo1" time="72.372" errors="0" timestamp="2021-05-01T06:28:59 CDT" skipped="0">
  <testcase classname="testNGPhase2.RadioButtonNGDemo1" name="button" time="72.372"/>
  <system-out/>
</testsuite> <!-- testNGPhase2.RadioButtonNGDemo1 -->
