<?xml version="1.0" encoding="UTF-8"?>
<!-- Generated by org.testng.reporters.JUnitReportReporter -->
<testsuite hostname="Vamsi" failures="0" tests="1" name="seleniumPhase2.DragAndDropDemo2" time="35.723" errors="0" timestamp="2021-06-30T05:01:55 CDT" skipped="0">
  <testcase classname="seleniumPhase2.DragAndDropDemo2" name="DragAndDropDemo2" time="35.723"/>
  <system-out/>
</testsuite> <!-- seleniumPhase2.DragAndDropDemo2 -->
