<?xml version="1.0" encoding="UTF-8"?>
<!-- Generated by org.testng.reporters.JUnitReportReporter -->
<testsuite hostname="Vamsi" failures="0" tests="1" name="frameDemo.ExtentreportDemo1" time="1.765" errors="0" timestamp="2021-04-16T07:49:48 CDT" skipped="0">
  <testcase classname="frameDemo.ExtentreportDemo1" name="extentreports" time="1.765"/>
  <system-out/>
</testsuite> <!-- frameDemo.ExtentreportDemo1 -->
