<?xml version="1.0" encoding="UTF-8"?>
<!-- Generated by org.testng.reporters.JUnitReportReporter -->
<testsuite hostname="Vamsi" failures="0" tests="1" name="testNGPhase2.CheckBoxNGDemo4" time="36.576" errors="0" timestamp="2021-05-01T00:08:28 CDT" skipped="0">
  <testcase classname="testNGPhase2.CheckBoxNGDemo4" name="check1" time="36.576"/>
  <system-out/>
</testsuite> <!-- testNGPhase2.CheckBoxNGDemo4 -->
