<?xml version="1.0" encoding="UTF-8"?>
<!-- Generated by org.testng.reporters.JUnitReportReporter -->
<testsuite hostname="Vamsi" failures="0" tests="1" name="seleniumPhase2.PopupWindowDemo2" time="119.355" errors="0" timestamp="2021-06-25T22:59:46 CDT" skipped="0">
  <testcase classname="seleniumPhase2.PopupWindowDemo2" name="PopupWindowDemo" time="119.355"/>
  <system-out/>
</testsuite> <!-- seleniumPhase2.PopupWindowDemo2 -->
