<?xml version="1.0" encoding="UTF-8"?>
<!-- Generated by org.testng.reporters.JUnitReportReporter -->
<testsuite hostname="Vamsi" failures="0" tests="1" name="seleniumPhase2.ExplicitDemo1" time="56.007" errors="0" timestamp="2021-06-30T05:14:01 CDT" skipped="0">
  <testcase classname="seleniumPhase2.ExplicitDemo1" name="explicit" time="56.007"/>
  <system-out/>
</testsuite> <!-- seleniumPhase2.ExplicitDemo1 -->
