<?xml version="1.0" encoding="UTF-8"?>
<!-- Generated by org.testng.reporters.JUnitReportReporter -->
<testsuite hostname="Vamsi" failures="0" tests="2" name="testNG.AnnotationDemo2" time="0.023" errors="0" timestamp="2021-05-08T22:45:39 CDT" skipped="0">
  <testcase classname="testNG.AnnotationDemo2" name="funB" time="0.016"/>
  <system-out/>
  <testcase classname="testNG.AnnotationDemo2" name="funA" time="0.007"/>
  <system-out/>
</testsuite> <!-- testNG.AnnotationDemo2 -->
