<?xml version="1.0" encoding="UTF-8"?>
<!-- Generated by org.testng.reporters.JUnitReportReporter -->
<testsuite hostname="Vamsi" failures="0" tests="4" name="testNG.DataProviderDemo2" time="100.441" errors="0" timestamp="2021-04-30T06:10:48 CDT" skipped="0">
  <testcase classname="testNG.DataProviderDemo2" name="loginTest" time="18.263"/>
  <system-out/>
  <testcase classname="testNG.DataProviderDemo2" name="loginTest" time="31.896"/>
  <system-out/>
  <testcase classname="testNG.DataProviderDemo2" name="loginTest" time="28.720"/>
  <system-out/>
  <testcase classname="testNG.DataProviderDemo2" name="loginTest" time="21.562"/>
  <system-out/>
</testsuite> <!-- testNG.DataProviderDemo2 -->
