<?xml version="1.0" encoding="UTF-8"?>
<!-- Generated by org.testng.reporters.JUnitReportReporter -->
<testsuite hostname="Vamsi" failures="0" tests="1" name="LinksDemo1" time="8.631" errors="0" timestamp="2021-05-05T01:18:27 CDT" skipped="0">
  <testcase classname="LinksDemo1" name="table" time="8.631"/>
  <system-out/>
</testsuite> <!-- LinksDemo1 -->
