<?xml version="1.0" encoding="UTF-8"?>
<!-- Generated by org.testng.reporters.JUnitReportReporter -->
<testsuite hostname="Vamsi" failures="0" tests="1" name="frameDemo.LoginTest" time="97.134" errors="0" timestamp="2021-05-03T00:57:48 CDT" skipped="0">
  <testcase classname="frameDemo.LoginTest" name="loginTest1" time="97.134"/>
  <system-out/>
</testsuite> <!-- frameDemo.LoginTest -->
