<?xml version="1.0" encoding="UTF-8"?>
<!-- Generated by org.testng.reporters.JUnitReportReporter -->
<testsuite hostname="Vamsi" failures="0" tests="5" name="testNGPhase2.RadioButtonDemo1" time="0.941" errors="0" timestamp="2021-05-01T02:18:36 CDT" skipped="0">
  <testcase classname="testNGPhase2.RadioButtonDemo1" name="RadioButtonEnabled" time="0.231"/>
  <system-out/>
  <testcase classname="testNGPhase2.RadioButtonDemo1" name="RadioButtonDisplay" time="0.178"/>
  <system-out/>
  <testcase classname="testNGPhase2.RadioButtonDemo1" name="RadioButtonSelect" time="0.097"/>
  <system-out/>
  <testcase classname="testNGPhase2.RadioButtonDemo1" name="RadioButtonClick" time="0.355"/>
  <system-out/>
  <testcase classname="testNGPhase2.RadioButtonDemo1" name="RadioButtonDisplay1" time="0.080"/>
  <system-out/>
</testsuite> <!-- testNGPhase2.RadioButtonDemo1 -->
