<?xml version="1.0" encoding="UTF-8"?>
<!-- Generated by org.testng.reporters.JUnitReportReporter -->
<testsuite hostname="Vamsi" failures="0" tests="1" name="seleniumPhase2.MouseOverDemo1" time="57.551" errors="0" timestamp="2021-06-30T05:28:12 CDT" skipped="0">
  <testcase classname="seleniumPhase2.MouseOverDemo1" name="MouseOverDemo1" time="57.551"/>
  <system-out/>
</testsuite> <!-- seleniumPhase2.MouseOverDemo1 -->
