<?xml version="1.0" encoding="UTF-8"?>
<!-- Generated by org.testng.reporters.JUnitReportReporter -->
<testsuite hostname="Vamsi" failures="0" tests="1" name="testNGPhase2.CheckBoxNGDemo1" time="24.549" errors="0" timestamp="2021-05-01T00:26:14 CDT" skipped="0">
  <testcase classname="testNGPhase2.CheckBoxNGDemo1" name="check" time="24.549"/>
  <system-out/>
</testsuite> <!-- testNGPhase2.CheckBoxNGDemo1 -->
