<?xml version="1.0" encoding="UTF-8"?>
<!-- Generated by org.testng.reporters.JUnitReportReporter -->
<testsuite hostname="Vamsi" failures="0" tests="1" name="testNG.TestNGAssert2" time="0.030" errors="0" timestamp="2021-04-30T06:15:39 CDT" skipped="0">
  <testcase classname="testNG.TestNGAssert2" name="funA" time="0.030"/>
  <system-out/>
</testsuite> <!-- testNG.TestNGAssert2 -->
