<?xml version="1.0" encoding="UTF-8"?>
<!-- Generated by org.testng.reporters.JUnitReportReporter -->
<testsuite hostname="Vamsi" failures="0" tests="1" name="testNGPhase2.WebTableNGDemo" time="29.077" errors="0" timestamp="2021-06-16T00:42:41 CDT" skipped="0">
  <testcase classname="testNGPhase2.WebTableNGDemo" name="path" time="29.077"/>
  <system-out/>
</testsuite> <!-- testNGPhase2.WebTableNGDemo -->
