<?xml version="1.0" encoding="UTF-8"?>
<!-- Generated by org.testng.reporters.JUnitReportReporter -->
<testsuite hostname="Vamsi" failures="0" tests="1" name="frameDemo.ExtentReportDemo3" time="26.527" errors="0" timestamp="2021-04-16T21:31:59 CDT" skipped="0">
  <testcase classname="frameDemo.ExtentReportDemo3" name="extentreports1" time="26.527"/>
  <system-out/>
</testsuite> <!-- frameDemo.ExtentReportDemo3 -->
