<?xml version="1.0" encoding="UTF-8"?>
<!-- Generated by org.testng.reporters.JUnitReportReporter -->
<testsuite hostname="Vamsi" failures="0" tests="1" name="testNG.TestNGDemo1" time="0.044" errors="0" timestamp="2021-04-30T06:21:54 CDT" skipped="0">
  <testcase classname="testNG.TestNGDemo1" name="funA" time="0.044"/>
  <system-out/>
</testsuite> <!-- testNG.TestNGDemo1 -->
