<?xml version="1.0" encoding="UTF-8"?>
<!-- Generated by org.testng.reporters.JUnitReportReporter -->
<testsuite hostname="Vamsi" failures="0" tests="1" name="seleniumPhase2.CloseAndQuiteDemo2" time="21.636" errors="0" timestamp="2021-04-09T22:32:22 CDT" skipped="0">
  <testcase classname="seleniumPhase2.CloseAndQuiteDemo2" name="closeAndQuite" time="21.636"/>
  <system-out/>
</testsuite> <!-- seleniumPhase2.CloseAndQuiteDemo2 -->
