<?xml version="1.0" encoding="UTF-8"?>
<!-- Generated by org.testng.reporters.JUnitReportReporter -->
<testsuite hostname="Vamsi" failures="0" tests="1" name="seleniumPhase2.CloseAndQuite" time="106.477" errors="0" timestamp="2021-06-30T04:46:07 CDT" skipped="0">
  <testcase classname="seleniumPhase2.CloseAndQuite" name="close" time="106.477"/>
  <system-out/>
</testsuite> <!-- seleniumPhase2.CloseAndQuite -->
