<?xml version="1.0" encoding="UTF-8"?>
<!-- Generated by org.testng.reporters.JUnitReportReporter -->
<testsuite hostname="Vamsi" failures="0" tests="4" name="testNG.TestNGDemo3" time="0.069" errors="0" timestamp="2021-04-30T06:23:24 CDT" skipped="0">
  <testcase classname="testNG.TestNGDemo3" name="funB" time="0.032"/>
  <system-out/>
  <testcase classname="testNG.TestNGDemo3" name="funA" time="0.006"/>
  <system-out/>
  <testcase classname="testNG.TestNGDemo3" name="funD" time="0.013"/>
  <system-out/>
  <testcase classname="testNG.TestNGDemo3" name="funC" time="0.018"/>
  <system-out/>
</testsuite> <!-- testNG.TestNGDemo3 -->
