<?xml version="1.0" encoding="UTF-8"?>
<!-- Generated by org.testng.reporters.JUnitReportReporter -->
<testsuite hostname="Vamsi" failures="0" tests="1" name="seleniumPhase2.GetData1" time="78.854" errors="0" timestamp="2021-06-20T00:46:35 CDT" skipped="0">
  <testcase classname="seleniumPhase2.GetData1" name="GetData1" time="78.854"/>
  <system-out/>
</testsuite> <!-- seleniumPhase2.GetData1 -->
