<?xml version="1.0" encoding="UTF-8"?>
<!-- Generated by org.testng.reporters.JUnitReportReporter -->
<testsuite hostname="Vamsi" failures="0" tests="6" name="testNG.DataProviderDemo1" time="0.143" errors="0" timestamp="2021-04-30T05:27:38 CDT" skipped="0">
  <testcase classname="testNG.DataProviderDemo1" name="funA" time="0.042"/>
  <system-out/>
  <testcase classname="testNG.DataProviderDemo1" name="funB" time="0.021"/>
  <system-out/>
  <testcase classname="testNG.DataProviderDemo1" name="funB" time="0.016"/>
  <system-out/>
  <testcase classname="testNG.DataProviderDemo1" name="funA" time="0.029"/>
  <system-out/>
  <testcase classname="testNG.DataProviderDemo1" name="funA" time="0.026"/>
  <system-out/>
  <testcase classname="testNG.DataProviderDemo1" name="funB" time="0.009"/>
  <system-out/>
</testsuite> <!-- testNG.DataProviderDemo1 -->
